  AnchoredSpring.cpp
  BungeeSpring.cpp
  CableSpring.cpp
  DragForceGenerator.cpp
C:\Users\alain\OneDrive\Documents\GitHub\GDPHYSX_CreenciaVillegas_Particle\GDPHYSX_Creencia_Villegas\DragForceGenerator.h(8,11): warning C4305: 'initializing': truncation from 'double' to 'float'
C:\Users\alain\OneDrive\Documents\GitHub\GDPHYSX_CreenciaVillegas_Particle\GDPHYSX_Creencia_Villegas\DragForceGenerator.h(9,11): warning C4305: 'initializing': truncation from 'double' to 'float'
  ForceGenerator.cpp
  ForceRegistry.cpp
C:\Users\alain\OneDrive\Documents\GitHub\GDPHYSX_CreenciaVillegas_Particle\GDPHYSX_Creencia_Villegas\ForceRegistry.h(3,11): warning C4067: unexpected tokens following preprocessor directive - expected a newline
C:\Users\alain\OneDrive\Documents\GitHub\GDPHYSX_CreenciaVillegas_Particle\GDPHYSX_Creencia_Villegas\ForceRegistry.h(4,11): warning C4067: unexpected tokens following preprocessor directive - expected a newline
C:\Users\alain\OneDrive\Documents\GitHub\GDPHYSX_CreenciaVillegas_Particle\GDPHYSX_Creencia_Villegas\ForceRegistry.h(5,11): warning C4067: unexpected tokens following preprocessor directive - expected a newline
C:\Users\alain\OneDrive\Documents\GitHub\GDPHYSX_CreenciaVillegas_Particle\GDPHYSX_Creencia_Villegas\ForceRegistry.h(6,11): warning C4067: unexpected tokens following preprocessor directive - expected a newline
  GravityForceGenerator.cpp
C:\Users\alain\OneDrive\Documents\GitHub\GDPHYSX_CreenciaVillegas_Particle\GDPHYSX_Creencia_Villegas\GravityForceGenerator.h(8,19): warning C4305: 'argument': truncation from 'double' to 'float'
  MyParticle.cpp
C:\Users\alain\OneDrive\Documents\GitHub\GDPHYSX_CreenciaVillegas_Particle\GDPHYSX_Creencia_Villegas\MyParticle.cpp(6,14): warning C4244: 'initializing': conversion from 'int' to 'float', possible loss of data
C:\Users\alain\OneDrive\Documents\GitHub\GDPHYSX_CreenciaVillegas_Particle\GDPHYSX_Creencia_Villegas\MyParticle.cpp(7,14): warning C4244: 'initializing': conversion from 'int' to 'float', possible loss of data
C:\Users\alain\OneDrive\Documents\GitHub\GDPHYSX_CreenciaVillegas_Particle\GDPHYSX_Creencia_Villegas\MyParticle.cpp(8,14): warning C4244: 'initializing': conversion from 'int' to 'float', possible loss of data
C:\Users\alain\OneDrive\Documents\GitHub\GDPHYSX_CreenciaVillegas_Particle\GDPHYSX_Creencia_Villegas\MyParticle.cpp(9,16): warning C4244: 'initializing': conversion from 'int' to 'float', possible loss of data
  ParticleSpring.cpp
  Source.cpp
C:\Users\alain\OneDrive\Documents\GitHub\GDPHYSX_CreenciaVillegas_Particle\GDPHYSX_Creencia_Villegas\main.h(4,10): warning C4067: unexpected tokens following preprocessor directive - expected a newline
C:\Users\alain\OneDrive\Documents\GitHub\GDPHYSX_CreenciaVillegas_Particle\GDPHYSX_Creencia_Villegas\obj_mesh.h(165,36): warning C4267: 'argument': conversion from 'size_t' to '_Ty', possible loss of data
          with
          [
              _Ty=unsigned int
          ]
C:\Users\alain\OneDrive\Documents\GitHub\GDPHYSX_CreenciaVillegas_Particle\GDPHYSX_Creencia_Villegas\obj_mesh.h(169,36): warning C4267: '=': conversion from 'size_t' to 'GLulong', possible loss of data
C:\Users\alain\OneDrive\Documents\GitHub\GDPHYSX_CreenciaVillegas_Particle\GDPHYSX_Creencia_Villegas\Source.cpp(8,13): warning C4244: 'return': conversion from 'double' to 'float', possible loss of data
C:\Users\alain\OneDrive\Documents\GitHub\GDPHYSX_CreenciaVillegas_Particle\GDPHYSX_Creencia_Villegas\Source.cpp(33,11): warning C4244: '=': conversion from 'double' to 'float', possible loss of data
C:\Users\alain\OneDrive\Documents\GitHub\GDPHYSX_CreenciaVillegas_Particle\GDPHYSX_Creencia_Villegas\Source.cpp(34,11): warning C4244: '=': conversion from 'double' to 'float', possible loss of data
C:\Users\alain\OneDrive\Documents\GitHub\GDPHYSX_CreenciaVillegas_Particle\GDPHYSX_Creencia_Villegas\Source.cpp(38,21): warning C4244: 'initializing': conversion from 'double' to 'float', possible loss of data
C:\Users\alain\OneDrive\Documents\GitHub\GDPHYSX_CreenciaVillegas_Particle\GDPHYSX_Creencia_Villegas\Source.cpp(39,21): warning C4244: 'initializing': conversion from 'double' to 'float', possible loss of data
C:\Users\alain\OneDrive\Documents\GitHub\GDPHYSX_CreenciaVillegas_Particle\GDPHYSX_Creencia_Villegas\Source.cpp(41,10): warning C4244: '=': conversion from 'double' to 'float', possible loss of data
C:\Users\alain\OneDrive\Documents\GitHub\GDPHYSX_CreenciaVillegas_Particle\GDPHYSX_Creencia_Villegas\Source.cpp(42,10): warning C4244: '=': conversion from 'double' to 'float', possible loss of data
C:\Users\alain\OneDrive\Documents\GitHub\GDPHYSX_CreenciaVillegas_Particle\GDPHYSX_Creencia_Villegas\Source.cpp(197,20): warning C4244: 'initializing': conversion from 'double' to 'float', possible loss of data
C:\Users\alain\OneDrive\Documents\GitHub\GDPHYSX_CreenciaVillegas_Particle\GDPHYSX_Creencia_Villegas\Source.cpp(376,28): warning C4244: '=': conversion from 'double' to 'float', possible loss of data
  Generating Code...
  GDPHYSX_Creencia_Villegas.vcxproj -> C:\Users\alain\OneDrive\Documents\GitHub\GDPHYSX_CreenciaVillegas_Particle\x64\Debug\GDPHYSX_Creencia_Villegas.exe
